# JRE version: OpenJDK Runtime Environment Temurin-17.0.4+8 (17.0.4+8) (build 17.0.4+8)
# Java VM: OpenJDK 64-Bit Server VM Temurin-17.0.4+8 (17.0.4+8, mixed mode, emulated-client, tiered, compressed oops, compressed class ptrs, g1 gc, windows-amd64)
GC Precious Log:
 CPUs: 4 total, 4 available
 Memory: 16264M
 Large Page Support: Disabled
 NUMA Support: Disabled
 Compressed Oops: Enabled (Zero based)
 Heap Region Size: 2M
 Heap Min Capacity: 8M
 Heap Initial Capacity: 256M
 Heap Max Capacity: 4068M
 Pre-touch: Disabled
 Parallel Workers: 4
 Concurrent Workers: 1
 Concurrent Refinement Workers: 4
 Periodic GC: Disabled
Heap:
 garbage-first heap   total 96256K, used 37311K [0x0000000701c00000, 0x0000000800000000)
  region size 2048K, 5 young (10240K), 0 survivors (0K)
 Metaspace       used 81972K, committed 82624K, reserved 1122304K
  class space    used 11175K, committed 11456K, reserved 1048576K
GC Heap History (20 events):
Event: 1043.342 GC heap before
{Heap before GC invocations=32 (full 2):
 garbage-first heap   total 96256K, used 74712K [0x0000000701c00000, 0x0000000800000000)
  region size 2048K, 23 young (47104K), 2 survivors (4096K)
 Metaspace       used 80908K, committed 81536K, reserved 1122304K
  class space    used 11049K, committed 11328K, reserved 1048576K
}
Event: 1043.346 GC heap after
{Heap after GC invocations=33 (full 2):
 garbage-first heap   total 96256K, used 33695K [0x0000000701c00000, 0x0000000800000000)
  region size 2048K, 2 young (4096K), 2 survivors (4096K)
 Metaspace       used 80908K, committed 81536K, reserved 1122304K
  class space    used 11049K, committed 11328K, reserved 1048576K
}
Event: 1050.674 GC heap before
{Heap before GC invocations=33 (full 2):
 garbage-first heap   total 96256K, used 72607K [0x0000000701c00000, 0x0000000800000000)
  region size 2048K, 21 young (43008K), 2 survivors (4096K)
 Metaspace       used 80951K, committed 81536K, reserved 1122304K
  class space    used 11054K, committed 11328K, reserved 1048576K
}
Event: 1050.680 GC heap after
{Heap after GC invocations=34 (full 2):
 garbage-first heap   total 96256K, used 35799K [0x0000000701c00000, 0x0000000800000000)
  region size 2048K, 3 young (6144K), 3 survivors (6144K)
 Metaspace       used 80951K, committed 81536K, reserved 1122304K
  class space    used 11054K, committed 11328K, reserved 1048576K
}
Event: 1345.264 GC heap before
{Heap before GC invocations=34 (full 2):
 garbage-first heap   total 96256K, used 56279K [0x0000000701c00000, 0x0000000800000000)
  region size 2048K, 14 young (28672K), 3 survivors (6144K)
 Metaspace       used 80996K, committed 81600K, reserved 1122304K
  class space    used 11066K, committed 11328K, reserved 1048576K
}
Event: 1345.304 GC heap after
{Heap after GC invocations=35 (full 3):
 garbage-first heap   total 96256K, used 28606K [0x0000000701c00000, 0x0000000800000000)
  region size 2048K, 0 young (0K), 0 survivors (0K)
 Metaspace       used 80984K, committed 81600K, reserved 1122304K
  class space    used 11063K, committed 11328K, reserved 1048576K
}
Event: 1345.785 GC heap before
{Heap before GC invocations=35 (full 3):
 garbage-first heap   total 96256K, used 73662K [0x0000000701c00000, 0x0000000800000000)
  region size 2048K, 22 young (45056K), 0 survivors (0K)
 Metaspace       used 81096K, committed 81664K, reserved 1122304K
  class space    used 11078K, committed 11328K, reserved 1048576K
}
Event: 1345.787 GC heap after
{Heap after GC invocations=36 (full 3):
 garbage-first heap   total 96256K, used 32198K [0x0000000701c00000, 0x0000000800000000)
  region size 2048K, 2 young (4096K), 2 survivors (4096K)
 Metaspace       used 81096K, committed 81664K, reserved 1122304K
  class space    used 11078K, committed 11328K, reserved 1048576K
}
Event: 1346.229 GC heap before
{Heap before GC invocations=36 (full 3):
 garbage-first heap   total 96256K, used 75206K [0x0000000701c00000, 0x0000000800000000)
  region size 2048K, 23 young (47104K), 2 survivors (4096K)
 Metaspace       used 81407K, committed 82048K, reserved 1122304K
  class space    used 11101K, committed 11392K, reserved 1048576K
}
Event: 1346.232 GC heap after
{Heap after GC invocations=37 (full 3):
 garbage-first heap   total 96256K, used 33839K [0x0000000701c00000, 0x0000000800000000)
  region size 2048K, 2 young (4096K), 2 survivors (4096K)
 Metaspace       used 81407K, committed 82048K, reserved 1122304K
  class space    used 11101K, committed 11392K, reserved 1048576K
}
Event: 1351.125 GC heap before
{Heap before GC invocations=37 (full 3):
 garbage-first heap   total 96256K, used 70703K [0x0000000701c00000, 0x0000000800000000)
  region size 2048K, 21 young (43008K), 2 survivors (4096K)
 Metaspace       used 81427K, committed 82048K, reserved 1122304K
  class space    used 11104K, committed 11392K, reserved 1048576K
}
Event: 1351.167 GC heap after
{Heap after GC invocations=38 (full 4):
 garbage-first heap   total 96256K, used 28274K [0x0000000701c00000, 0x0000000800000000)
  region size 2048K, 0 young (0K), 0 survivors (0K)
 Metaspace       used 81395K, committed 82048K, reserved 1122304K
  class space    used 11096K, committed 11392K, reserved 1048576K
}
Event: 1351.650 GC heap before
{Heap before GC invocations=38 (full 4):
 garbage-first heap   total 96256K, used 71282K [0x0000000701c00000, 0x0000000800000000)
  region size 2048K, 22 young (45056K), 0 survivors (0K)
 Metaspace       used 81510K, committed 82112K, reserved 1122304K
  class space    used 11113K, committed 11392K, reserved 1048576K
}
Event: 1351.653 GC heap after
{Heap after GC invocations=39 (full 4):
 garbage-first heap   total 96256K, used 31739K [0x0000000701c00000, 0x0000000800000000)
  region size 2048K, 2 young (4096K), 2 survivors (4096K)
 Metaspace       used 81510K, committed 82112K, reserved 1122304K
  class space    used 11113K, committed 11392K, reserved 1048576K
}
Event: 1352.085 GC heap before
{Heap before GC invocations=39 (full 4):
 garbage-first heap   total 96256K, used 74747K [0x0000000701c00000, 0x0000000800000000)
  region size 2048K, 23 young (47104K), 2 survivors (4096K)
 Metaspace       used 81818K, committed 82432K, reserved 1122304K
  class space    used 11136K, committed 11392K, reserved 1048576K
}
Event: 1352.089 GC heap after
{Heap after GC invocations=40 (full 4):
 garbage-first heap   total 96256K, used 33224K [0x0000000701c00000, 0x0000000800000000)
  region size 2048K, 1 young (2048K), 1 survivors (2048K)
 Metaspace       used 81818K, committed 82432K, reserved 1122304K
  class space    used 11136K, committed 11392K, reserved 1048576K
}
Event: 1356.017 GC heap before
{Heap before GC invocations=40 (full 4):
 garbage-first heap   total 96256K, used 74184K [0x0000000701c00000, 0x0000000800000000)
  region size 2048K, 21 young (43008K), 1 survivors (2048K)
 Metaspace       used 81835K, committed 82496K, reserved 1122304K
  class space    used 11139K, committed 11456K, reserved 1048576K
}
Event: 1356.021 GC heap after
{Heap after GC invocations=41 (full 4):
 garbage-first heap   total 96256K, used 35614K [0x0000000701c00000, 0x0000000800000000)
  region size 2048K, 3 young (6144K), 3 survivors (6144K)
 Metaspace       used 81835K, committed 82496K, reserved 1122304K
  class space    used 11139K, committed 11456K, reserved 1048576K
}
Event: 1801.074 GC heap before
{Heap before GC invocations=41 (full 4):
 garbage-first heap   total 96256K, used 62238K [0x0000000701c00000, 0x0000000800000000)
  region size 2048K, 17 young (34816K), 3 survivors (6144K)
 Metaspace       used 81855K, committed 82560K, reserved 1122304K
  class space    used 11142K, committed 11456K, reserved 1048576K
}
Event: 1801.115 GC heap after
{Heap after GC invocations=42 (full 5):
 garbage-first heap   total 96256K, used 29119K [0x0000000701c00000, 0x0000000800000000)
  region size 2048K, 0 young (0K), 0 survivors (0K)
 Metaspace       used 81843K, committed 82560K, reserved 1122304K
  class space    used 11140K, committed 11456K, reserved 1048576K
}

